<?xml version="1.0" encoding="UTF-8"?>
<!-- Generated by org.testng.reporters.JUnitReportReporter -->
<testsuite hostname="DESKTOP-DUQ1V0B" failures="0" tests="1" name="testCases.TC002_LoginTest" time="2.851" errors="0" timestamp="18 Sep 2024 08:36:38 GMT" skipped="0">
  <testcase classname="testCases.TC002_LoginTest" name="verify_Login" time="2.851"/>
</testsuite> <!-- testCases.TC002_LoginTest -->
