<?xml version="1.0" encoding="UTF-8"?>
<!-- Generated by org.testng.reporters.JUnitReportReporter -->
<testsuite hostname="DESKTOP-DUQ1V0B" failures="0" tests="1" name="testCases.TC001_AccountRegistrationTest" time="8.149" errors="0" timestamp="18 Sep 2024 08:36:38 GMT" skipped="0">
  <testcase classname="testCases.TC001_AccountRegistrationTest" name="verify_account_registration" time="8.149"/>
</testsuite> <!-- testCases.TC001_AccountRegistrationTest -->
