<?xml version="1.0" encoding="UTF-8"?>
<!-- Generated by org.testng.reporters.JUnitReportReporter -->
<testsuite hostname="DESKTOP-DUQ1V0B" failures="0" tests="1" name="testCases.TC002_LoginTest" time="2.775" errors="0" timestamp="19 Sep 2024 07:08:18 GMT" skipped="0">
  <testcase classname="testCases.TC002_LoginTest" name="verify_Login" time="2.775"/>
</testsuite> <!-- testCases.TC002_LoginTest -->
